<?xml version="1.0" encoding="UTF-8"?>
<!-- Generated by org.testng.reporters.JUnitReportReporter -->
<testsuite hostname="TTNPL-MdArsh" failures="0" tests="2" name="AmazonTest.AmazonTest.SearchPage" time="6.293" errors="0" timestamp="2023-03-26T12:26:21 IST" skipped="0">
  <testcase classname="AmazonTest.AmazonTest.SearchPage" name="searchbar" time="1.066"/>
  <system-out/>
  <testcase classname="AmazonTest.AmazonTest.SearchPage" name="search" time="5.227"/>
  <system-out/>
</testsuite> <!-- AmazonTest.AmazonTest.SearchPage -->
