<?xml version="1.0" encoding="UTF-8"?>
<!-- Generated by org.testng.reporters.JUnitReportReporter -->
<testsuite hostname="TTNPL-MdArsh" failures="0" tests="1" name="TravellingSite.Travel" time="31.950" errors="0" timestamp="2023-03-27T09:44:13 IST" skipped="0">
  <testcase classname="TravellingSite.Travel" name="formfill" time="31.950"/>
  <system-out/>
</testsuite> <!-- TravellingSite.Travel -->
