<?xml version="1.0" encoding="UTF-8"?>
<!-- Generated by org.testng.reporters.JUnitReportReporter -->
<testsuite hostname="TTNPL-MdArsh" failures="0" tests="10" name="AmazonTest.AmazonTest.QKart" time="3.699" errors="0" timestamp="2023-03-27T17:06:30 IST" skipped="0">
  <testcase classname="AmazonTest.AmazonTest.QKart" name="ispageloaded" time="0.104"/>
  <system-out/>
  <testcase classname="AmazonTest.AmazonTest.QKart" name="isloginbuttonavailable" time="0.056"/>
  <system-out/>
  <testcase classname="AmazonTest.AmazonTest.QKart" name="isregisterbuttonavailable" time="0.052"/>
  <system-out/>
  <testcase classname="AmazonTest.AmazonTest.QKart" name="issearchbaravailable" time="0.067"/>
  <system-out/>
  <testcase classname="AmazonTest.AmazonTest.QKart" name="issearchbarenalbled" time="0.028"/>
  <system-out/>
  <testcase classname="AmazonTest.AmazonTest.QKart" name="isbannervisible" time="0.046"/>
  <system-out/>
  <testcase classname="AmazonTest.AmazonTest.QKart" name="isproductavailable" time="0.053"/>
  <system-out/>
  <testcase classname="AmazonTest.AmazonTest.QKart" name="titlecheck" time="0.017"/>
  <system-out/>
  <testcase classname="AmazonTest.AmazonTest.QKart" name="areproductloading" time="3.237"/>
  <system-out/>
  <testcase classname="AmazonTest.AmazonTest.QKart" name="isaddtocartbuttonavailable" time="0.039"/>
  <system-out/>
</testsuite> <!-- AmazonTest.AmazonTest.QKart -->
