<?xml version="1.0" encoding="UTF-8"?>
<!-- Generated by org.testng.reporters.JUnitReportReporter -->
<testsuite hostname="TTNPL-MdArsh" failures="0" tests="1" name="ToTheNewTest.ToTheNew.DropDown" time="5.692" errors="0" timestamp="2023-03-26T14:44:53 IST" skipped="0">
  <testcase classname="ToTheNewTest.ToTheNew.DropDown" name="assertDropdown" time="5.692"/>
  <system-out/>
</testsuite> <!-- ToTheNewTest.ToTheNew.DropDown -->
